{"/Users/voxfeed_1/code/protos/testability-js-with-fake-mongo/register-user.js":{"path":"/Users/voxfeed_1/code/protos/testability-js-with-fake-mongo/register-user.js","s":{"1":1,"2":1,"3":1,"4":1,"5":1,"6":2,"7":2,"8":2,"9":5,"10":5,"11":1,"12":4,"13":4,"14":4,"15":4,"16":4,"17":1,"18":3,"19":2,"20":1,"21":1,"22":1,"23":0,"24":1,"25":1},"b":{"1":[5,1],"2":[1,4],"3":[1,3],"4":[2,1],"5":[0,1]},"f":{"1":2,"2":5,"3":4,"4":4,"5":1},"fnMap":{"1":{"name":"(anonymous_1)","line":11,"loc":{"start":{"line":11,"column":13},"end":{"line":11,"column":23}}},"2":{"name":"(anonymous_2)","line":19,"loc":{"start":{"line":19,"column":13},"end":{"line":19,"column":20}}},"3":{"name":"(anonymous_3)","line":27,"loc":{"start":{"line":27,"column":9},"end":{"line":27,"column":20}}},"4":{"name":"(anonymous_4)","line":34,"loc":{"start":{"line":34,"column":17},"end":{"line":34,"column":28}}},"5":{"name":"(anonymous_5)","line":43,"loc":{"start":{"line":43,"column":13},"end":{"line":43,"column":24}}}},"statementMap":{"1":{"start":{"line":3,"column":0},"end":{"line":3,"column":31}},"2":{"start":{"line":4,"column":0},"end":{"line":4,"column":52}},"3":{"start":{"line":5,"column":0},"end":{"line":5,"column":52}},"4":{"start":{"line":6,"column":0},"end":{"line":6,"column":60}},"5":{"start":{"line":8,"column":0},"end":{"line":8,"column":49}},"6":{"start":{"line":12,"column":4},"end":{"line":12,"column":19}},"7":{"start":{"line":13,"column":4},"end":{"line":13,"column":35}},"8":{"start":{"line":14,"column":4},"end":{"line":14,"column":52}},"9":{"start":{"line":20,"column":4},"end":{"line":20,"column":22}},"10":{"start":{"line":21,"column":4},"end":{"line":23,"column":5}},"11":{"start":{"line":22,"column":6},"end":{"line":22,"column":54}},"12":{"start":{"line":24,"column":4},"end":{"line":24,"column":30}},"13":{"start":{"line":28,"column":4},"end":{"line":31,"column":17}},"14":{"start":{"line":35,"column":4},"end":{"line":35,"column":44}},"15":{"start":{"line":36,"column":4},"end":{"line":40,"column":7}},"16":{"start":{"line":37,"column":6},"end":{"line":37,"column":40}},"17":{"start":{"line":37,"column":17},"end":{"line":37,"column":40}},"18":{"start":{"line":38,"column":6},"end":{"line":38,"column":98}},"19":{"start":{"line":38,"column":16},"end":{"line":38,"column":98}},"20":{"start":{"line":39,"column":6},"end":{"line":39,"column":17}},"21":{"start":{"line":44,"column":4},"end":{"line":47,"column":7}},"22":{"start":{"line":45,"column":6},"end":{"line":45,"column":73}},"23":{"start":{"line":45,"column":17},"end":{"line":45,"column":73}},"24":{"start":{"line":46,"column":6},"end":{"line":46,"column":27}},"25":{"start":{"line":51,"column":0},"end":{"line":51,"column":30}}},"branchMap":{"1":{"line":20,"type":"binary-expr","locations":[{"start":{"line":20,"column":11},"end":{"line":20,"column":15}},{"start":{"line":20,"column":19},"end":{"line":20,"column":21}}]},"2":{"line":21,"type":"if","locations":[{"start":{"line":21,"column":4},"end":{"line":21,"column":4}},{"start":{"line":21,"column":4},"end":{"line":21,"column":4}}]},"3":{"line":37,"type":"if","locations":[{"start":{"line":37,"column":6},"end":{"line":37,"column":6}},{"start":{"line":37,"column":6},"end":{"line":37,"column":6}}]},"4":{"line":38,"type":"if","locations":[{"start":{"line":38,"column":6},"end":{"line":38,"column":6}},{"start":{"line":38,"column":6},"end":{"line":38,"column":6}}]},"5":{"line":45,"type":"if","locations":[{"start":{"line":45,"column":6},"end":{"line":45,"column":6}},{"start":{"line":45,"column":6},"end":{"line":45,"column":6}}]}}},"/Users/voxfeed_1/code/protos/testability-js-with-fake-mongo/errors/bad-input.js":{"path":"/Users/voxfeed_1/code/protos/testability-js-with-fake-mongo/errors/bad-input.js","s":{"1":3,"2":3,"3":3,"4":2},"b":{},"f":{"1":3},"fnMap":{"1":{"name":"(anonymous_1)","line":4,"loc":{"start":{"line":4,"column":13},"end":{"line":4,"column":23}}}},"statementMap":{"1":{"start":{"line":5,"column":4},"end":{"line":5,"column":19}},"2":{"start":{"line":6,"column":4},"end":{"line":6,"column":28}},"3":{"start":{"line":7,"column":4},"end":{"line":7,"column":52}},"4":{"start":{"line":11,"column":0},"end":{"line":11,"column":31}}},"branchMap":{}},"/Users/voxfeed_1/code/protos/testability-js-with-fake-mongo/entities/user-factory.js":{"path":"/Users/voxfeed_1/code/protos/testability-js-with-fake-mongo/entities/user-factory.js","s":{"1":2,"2":2,"3":2,"4":2,"5":2,"6":10,"7":10,"8":2},"b":{},"f":{"1":2,"2":10},"fnMap":{"1":{"name":"(anonymous_1)","line":6,"loc":{"start":{"line":6,"column":13},"end":{"line":6,"column":23}}},"2":{"name":"(anonymous_2)","line":13,"loc":{"start":{"line":13,"column":17},"end":{"line":13,"column":36}}}},"statementMap":{"1":{"start":{"line":3,"column":0},"end":{"line":3,"column":31}},"2":{"start":{"line":7,"column":4},"end":{"line":7,"column":19}},"3":{"start":{"line":8,"column":4},"end":{"line":8,"column":33}},"4":{"start":{"line":9,"column":4},"end":{"line":9,"column":52}},"5":{"start":{"line":13,"column":0},"end":{"line":19,"column":2}},"6":{"start":{"line":14,"column":2},"end":{"line":18,"column":3}},"7":{"start":{"line":15,"column":4},"end":{"line":15,"column":30}},"8":{"start":{"line":17,"column":4},"end":{"line":17,"column":73}}},"branchMap":{}},"/Users/voxfeed_1/code/protos/testability-js-with-fake-mongo/entities/user.js":{"path":"/Users/voxfeed_1/code/protos/testability-js-with-fake-mongo/entities/user.js","s":{"1":2,"2":2,"3":2,"4":10,"5":10,"6":2,"7":8,"8":2},"b":{"1":[10,1],"2":[2,8]},"f":{"1":10},"fnMap":{"1":{"name":"(anonymous_1)","line":8,"loc":{"start":{"line":8,"column":13},"end":{"line":8,"column":20}}}},"statementMap":{"1":{"start":{"line":3,"column":0},"end":{"line":3,"column":53}},"2":{"start":{"line":4,"column":0},"end":{"line":4,"column":55}},"3":{"start":{"line":5,"column":0},"end":{"line":5,"column":51}},"4":{"start":{"line":9,"column":4},"end":{"line":9,"column":22}},"5":{"start":{"line":10,"column":4},"end":{"line":12,"column":5}},"6":{"start":{"line":11,"column":6},"end":{"line":11,"column":72}},"7":{"start":{"line":13,"column":4},"end":{"line":13,"column":30}},"8":{"start":{"line":17,"column":0},"end":{"line":17,"column":22}}},"branchMap":{"1":{"line":9,"type":"binary-expr","locations":[{"start":{"line":9,"column":11},"end":{"line":9,"column":15}},{"start":{"line":9,"column":19},"end":{"line":9,"column":21}}]},"2":{"line":10,"type":"if","locations":[{"start":{"line":10,"column":4},"end":{"line":10,"column":4}},{"start":{"line":10,"column":4},"end":{"line":10,"column":4}}]}}},"/Users/voxfeed_1/code/protos/testability-js-with-fake-mongo/entities/validate-required.js":{"path":"/Users/voxfeed_1/code/protos/testability-js-with-fake-mongo/entities/validate-required.js","s":{"1":2,"2":15,"3":15,"4":40,"5":15},"b":{"1":[15,0]},"f":{"1":15},"fnMap":{"1":{"name":"(anonymous_1)","line":3,"loc":{"start":{"line":3,"column":17},"end":{"line":3,"column":42}}}},"statementMap":{"1":{"start":{"line":3,"column":0},"end":{"line":7,"column":2}},"2":{"start":{"line":4,"column":2},"end":{"line":4,"column":20}},"3":{"start":{"line":5,"column":2},"end":{"line":5,"column":57}},"4":{"start":{"line":5,"column":43},"end":{"line":5,"column":55}},"5":{"start":{"line":6,"column":2},"end":{"line":6,"column":25}}},"branchMap":{"1":{"line":4,"type":"binary-expr","locations":[{"start":{"line":4,"column":9},"end":{"line":4,"column":13}},{"start":{"line":4,"column":17},"end":{"line":4,"column":19}}]}}},"/Users/voxfeed_1/code/protos/testability-js-with-fake-mongo/database/index.js":{"path":"/Users/voxfeed_1/code/protos/testability-js-with-fake-mongo/database/index.js","s":{"1":1,"2":1,"3":1,"4":1,"5":1,"6":0,"7":0,"8":0,"9":4,"10":3,"11":3,"12":0,"13":3,"14":3,"15":0,"16":3,"17":1,"18":2,"19":2,"20":0,"21":5,"22":5,"23":5,"24":0,"25":5,"26":5,"27":0,"28":5,"29":5,"30":0,"31":8,"32":4,"33":4,"34":4,"35":0,"36":4,"37":4,"38":4,"39":0,"40":4,"41":1},"b":{"1":[0,3],"2":[0,3],"3":[1,2],"4":[0,5],"5":[0,5],"6":[4,4],"7":[0,4],"8":[0,4]},"f":{"1":0,"2":4,"3":3,"4":5,"5":8,"6":4},"fnMap":{"1":{"name":"(anonymous_1)","line":10,"loc":{"start":{"line":10,"column":13},"end":{"line":10,"column":23}}},"2":{"name":"(anonymous_2)","line":18,"loc":{"start":{"line":18,"column":13},"end":{"line":18,"column":16}}},"3":{"name":"(anonymous_3)","line":22,"loc":{"start":{"line":22,"column":20},"end":{"line":22,"column":41}}},"4":{"name":"(anonymous_4)","line":37,"loc":{"start":{"line":37,"column":12},"end":{"line":37,"column":29}}},"5":{"name":"(anonymous_5)","line":53,"loc":{"start":{"line":53,"column":16},"end":{"line":53,"column":27}}},"6":{"name":"(anonymous_6)","line":62,"loc":{"start":{"line":62,"column":16},"end":{"line":62,"column":21}}}},"statementMap":{"1":{"start":{"line":3,"column":0},"end":{"line":3,"column":45}},"2":{"start":{"line":4,"column":0},"end":{"line":4,"column":38}},"3":{"start":{"line":5,"column":0},"end":{"line":5,"column":55}},"4":{"start":{"line":6,"column":0},"end":{"line":6,"column":55}},"5":{"start":{"line":7,"column":0},"end":{"line":7,"column":54}},"6":{"start":{"line":11,"column":4},"end":{"line":11,"column":19}},"7":{"start":{"line":12,"column":4},"end":{"line":12,"column":33}},"8":{"start":{"line":13,"column":4},"end":{"line":13,"column":52}},"9":{"start":{"line":19,"column":4},"end":{"line":19,"column":20}},"10":{"start":{"line":23,"column":4},"end":{"line":34,"column":7}},"11":{"start":{"line":24,"column":6},"end":{"line":24,"column":40}},"12":{"start":{"line":24,"column":17},"end":{"line":24,"column":40}},"13":{"start":{"line":25,"column":6},"end":{"line":33,"column":9}},"14":{"start":{"line":26,"column":8},"end":{"line":26,"column":68}},"15":{"start":{"line":26,"column":19},"end":{"line":26,"column":68}},"16":{"start":{"line":27,"column":8},"end":{"line":27,"column":49}},"17":{"start":{"line":27,"column":21},"end":{"line":27,"column":49}},"18":{"start":{"line":28,"column":8},"end":{"line":32,"column":9}},"19":{"start":{"line":29,"column":10},"end":{"line":29,"column":43}},"20":{"start":{"line":31,"column":10},"end":{"line":31,"column":26}},"21":{"start":{"line":38,"column":4},"end":{"line":38,"column":60}},"22":{"start":{"line":39,"column":4},"end":{"line":50,"column":7}},"23":{"start":{"line":40,"column":6},"end":{"line":40,"column":40}},"24":{"start":{"line":40,"column":17},"end":{"line":40,"column":40}},"25":{"start":{"line":42,"column":6},"end":{"line":49,"column":9}},"26":{"start":{"line":43,"column":8},"end":{"line":43,"column":68}},"27":{"start":{"line":43,"column":19},"end":{"line":43,"column":68}},"28":{"start":{"line":44,"column":8},"end":{"line":48,"column":9}},"29":{"start":{"line":45,"column":10},"end":{"line":45,"column":45}},"30":{"start":{"line":47,"column":10},"end":{"line":47,"column":26}},"31":{"start":{"line":54,"column":4},"end":{"line":54,"column":50}},"32":{"start":{"line":54,"column":18},"end":{"line":54,"column":50}},"33":{"start":{"line":55,"column":4},"end":{"line":59,"column":7}},"34":{"start":{"line":56,"column":6},"end":{"line":56,"column":66}},"35":{"start":{"line":56,"column":17},"end":{"line":56,"column":66}},"36":{"start":{"line":57,"column":6},"end":{"line":57,"column":30}},"37":{"start":{"line":58,"column":6},"end":{"line":58,"column":31}},"38":{"start":{"line":63,"column":4},"end":{"line":63,"column":71}},"39":{"start":{"line":63,"column":13},"end":{"line":63,"column":71}},"40":{"start":{"line":64,"column":4},"end":{"line":64,"column":18}},"41":{"start":{"line":68,"column":0},"end":{"line":68,"column":31}}},"branchMap":{"1":{"line":24,"type":"if","locations":[{"start":{"line":24,"column":6},"end":{"line":24,"column":6}},{"start":{"line":24,"column":6},"end":{"line":24,"column":6}}]},"2":{"line":26,"type":"if","locations":[{"start":{"line":26,"column":8},"end":{"line":26,"column":8}},{"start":{"line":26,"column":8},"end":{"line":26,"column":8}}]},"3":{"line":27,"type":"if","locations":[{"start":{"line":27,"column":8},"end":{"line":27,"column":8}},{"start":{"line":27,"column":8},"end":{"line":27,"column":8}}]},"4":{"line":40,"type":"if","locations":[{"start":{"line":40,"column":6},"end":{"line":40,"column":6}},{"start":{"line":40,"column":6},"end":{"line":40,"column":6}}]},"5":{"line":43,"type":"if","locations":[{"start":{"line":43,"column":8},"end":{"line":43,"column":8}},{"start":{"line":43,"column":8},"end":{"line":43,"column":8}}]},"6":{"line":54,"type":"if","locations":[{"start":{"line":54,"column":4},"end":{"line":54,"column":4}},{"start":{"line":54,"column":4},"end":{"line":54,"column":4}}]},"7":{"line":56,"type":"if","locations":[{"start":{"line":56,"column":6},"end":{"line":56,"column":6}},{"start":{"line":56,"column":6},"end":{"line":56,"column":6}}]},"8":{"line":63,"type":"if","locations":[{"start":{"line":63,"column":4},"end":{"line":63,"column":4}},{"start":{"line":63,"column":4},"end":{"line":63,"column":4}}]}}},"/Users/voxfeed_1/code/protos/testability-js-with-fake-mongo/config/index.js":{"path":"/Users/voxfeed_1/code/protos/testability-js-with-fake-mongo/config/index.js","s":{"1":1,"2":4},"b":{},"f":{"1":4},"fnMap":{"1":{"name":"(anonymous_1)","line":4,"loc":{"start":{"line":4,"column":26},"end":{"line":4,"column":29}}}},"statementMap":{"1":{"start":{"line":3,"column":0},"end":{"line":7,"column":2}},"2":{"start":{"line":5,"column":4},"end":{"line":5,"column":56}}},"branchMap":{}}}