TN:
SF:/Users/voxfeed_1/code/protos/testability-js-with-fake-mongo/register-user.js
FN:11,(anonymous_1)
FN:19,(anonymous_2)
FN:27,(anonymous_3)
FN:34,(anonymous_4)
FN:43,(anonymous_5)
FNF:5
FNH:5
FNDA:2,(anonymous_1)
FNDA:5,(anonymous_2)
FNDA:4,(anonymous_3)
FNDA:4,(anonymous_4)
FNDA:1,(anonymous_5)
DA:3,1
DA:4,1
DA:5,1
DA:6,1
DA:8,1
DA:12,2
DA:13,2
DA:14,2
DA:20,5
DA:21,5
DA:22,1
DA:24,4
DA:28,4
DA:35,4
DA:36,4
DA:37,4
DA:38,3
DA:39,1
DA:44,1
DA:45,1
DA:46,1
DA:51,1
LF:22
LH:22
BRDA:20,1,0,5
BRDA:20,1,1,1
BRDA:21,2,0,1
BRDA:21,2,1,4
BRDA:37,3,0,1
BRDA:37,3,1,3
BRDA:38,4,0,2
BRDA:38,4,1,1
BRDA:45,5,0,0
BRDA:45,5,1,1
BRF:10
BRH:9
end_of_record
TN:
SF:/Users/voxfeed_1/code/protos/testability-js-with-fake-mongo/errors/bad-input.js
FN:4,(anonymous_1)
FNF:1
FNH:1
FNDA:3,(anonymous_1)
DA:5,3
DA:6,3
DA:7,3
DA:11,2
LF:4
LH:4
BRF:0
BRH:0
end_of_record
TN:
SF:/Users/voxfeed_1/code/protos/testability-js-with-fake-mongo/entities/user-factory.js
FN:6,(anonymous_1)
FN:13,(anonymous_2)
FNF:2
FNH:2
FNDA:2,(anonymous_1)
FNDA:10,(anonymous_2)
DA:3,2
DA:7,2
DA:8,2
DA:9,2
DA:13,2
DA:14,10
DA:15,10
DA:17,2
LF:8
LH:8
BRF:0
BRH:0
end_of_record
TN:
SF:/Users/voxfeed_1/code/protos/testability-js-with-fake-mongo/entities/user.js
FN:8,(anonymous_1)
FNF:1
FNH:1
FNDA:10,(anonymous_1)
DA:3,2
DA:4,2
DA:5,2
DA:9,10
DA:10,10
DA:11,2
DA:13,8
DA:17,2
LF:8
LH:8
BRDA:9,1,0,10
BRDA:9,1,1,1
BRDA:10,2,0,2
BRDA:10,2,1,8
BRF:4
BRH:4
end_of_record
TN:
SF:/Users/voxfeed_1/code/protos/testability-js-with-fake-mongo/entities/validate-required.js
FN:3,(anonymous_1)
FNF:1
FNH:1
FNDA:15,(anonymous_1)
DA:3,2
DA:4,15
DA:5,40
DA:6,15
LF:4
LH:4
BRDA:4,1,0,15
BRDA:4,1,1,0
BRF:2
BRH:1
end_of_record
TN:
SF:/Users/voxfeed_1/code/protos/testability-js-with-fake-mongo/database/index.js
FN:10,(anonymous_1)
FN:18,(anonymous_2)
FN:22,(anonymous_3)
FN:37,(anonymous_4)
FN:53,(anonymous_5)
FN:62,(anonymous_6)
FNF:6
FNH:5
FNDA:0,(anonymous_1)
FNDA:4,(anonymous_2)
FNDA:3,(anonymous_3)
FNDA:5,(anonymous_4)
FNDA:8,(anonymous_5)
FNDA:4,(anonymous_6)
DA:3,1
DA:4,1
DA:5,1
DA:6,1
DA:7,1
DA:11,0
DA:12,0
DA:13,0
DA:19,4
DA:23,3
DA:24,3
DA:25,3
DA:26,3
DA:27,3
DA:28,2
DA:29,2
DA:31,0
DA:38,5
DA:39,5
DA:40,5
DA:42,5
DA:43,5
DA:44,5
DA:45,5
DA:47,0
DA:54,8
DA:55,4
DA:56,4
DA:57,4
DA:58,4
DA:63,4
DA:64,4
DA:68,1
LF:33
LH:28
BRDA:24,1,0,0
BRDA:24,1,1,3
BRDA:26,2,0,0
BRDA:26,2,1,3
BRDA:27,3,0,1
BRDA:27,3,1,2
BRDA:40,4,0,0
BRDA:40,4,1,5
BRDA:43,5,0,0
BRDA:43,5,1,5
BRDA:54,6,0,4
BRDA:54,6,1,4
BRDA:56,7,0,0
BRDA:56,7,1,4
BRDA:63,8,0,0
BRDA:63,8,1,4
BRF:16
BRH:10
end_of_record
TN:
SF:/Users/voxfeed_1/code/protos/testability-js-with-fake-mongo/config/index.js
FN:4,(anonymous_1)
FNF:1
FNH:1
FNDA:4,(anonymous_1)
DA:3,1
DA:5,4
LF:2
LH:2
BRF:0
BRH:0
end_of_record
